2022-07-20 13:21:16,693 INFO org.springframework.boot.StartupInfoLogger [restartedMain] Starting Microservice1ExternalServiceApplication using Java 15.0.2 on CEM with PID 12440 (C:\Users\cemko\OneDrive\Masaüstü\32Bit-Remake\microservice-1-externalService\target\classes started by cemko in C:\Users\cemko\OneDrive\Masaüstü\32Bit-Remake\microservice-1-externalService)
2022-07-20 13:21:16,703 DEBUG org.springframework.boot.StartupInfoLogger [restartedMain] Running with Spring Boot v2.4.5, Spring v5.3.6
2022-07-20 13:21:16,706 INFO org.springframework.boot.SpringApplication [restartedMain] No active profile set, falling back to default profiles: default
2022-07-20 13:21:33,044 INFO org.springframework.boot.StartupInfoLogger [restartedMain] Started Microservice1ExternalServiceApplication in 17.264 seconds (JVM running for 18.448)
2022-07-20 13:28:12,280 INFO com.Bit.microservice1externalService.business.concretes.CustomerManager [http-nio-4444-exec-1] [getAllCustomers method is called ]--[input parameter = pageNo-pageSize :1
2022-07-20 13:28:12,284 INFO com.Bit.microservice1externalService.core.constants.Logging [http-nio-4444-exec-1] internalLogDetail methodu has called
2022-07-20 13:28:13,294 INFO com.Bit.microservice1externalService.controller.CustomerController [http-nio-4444-exec-1] [getAllCustomersByPage method is called ]--[input parameter = { pageNo-pageSize}12]--[output parameter = com.Bit.microservice1externalService.core.results.SuccessDataResult@20ab6835[data=[CustomerListDto(id=1, customerName=Cem, companyName=32Bit), CustomerListDto(id=2, customerName=Cem, companyName=32Bit)],success=true,message=All customers have listed]]
2022-07-20 13:28:13,296 INFO com.Bit.microservice1externalService.core.constants.Logging [http-nio-4444-exec-1] internalLogDetail methodu has called
2022-07-20 13:28:14,314 INFO com.Bit.microservice1externalService.business.concretes.CustomerManager [http-nio-4444-exec-1] [getAllCustomers method is called ]--[input parameter = pageNo-pageSize :1
2022-07-20 13:28:14,316 INFO com.Bit.microservice1externalService.core.constants.Logging [http-nio-4444-exec-1] internalLogDetail methodu has called
2022-07-20 13:28:17,580 INFO com.Bit.microservice1externalService.business.concretes.CustomerManager [http-nio-4444-exec-2] [getAllCustomers method is called ]--[input parameter = pageNo-pageSize :1
2022-07-20 13:28:17,582 INFO com.Bit.microservice1externalService.core.constants.Logging [http-nio-4444-exec-2] internalLogDetail methodu has called
2022-07-20 13:28:18,597 INFO com.Bit.microservice1externalService.controller.CustomerController [http-nio-4444-exec-2] [getAllCustomersByPage method is called ]--[input parameter = { pageNo-pageSize}12]--[output parameter = com.Bit.microservice1externalService.core.results.SuccessDataResult@6998f16[data=[CustomerListDto(id=1, customerName=Cem, companyName=32Bit), CustomerListDto(id=2, customerName=Cem, companyName=32Bit)],success=true,message=All customers have listed]]
2022-07-20 13:28:18,599 INFO com.Bit.microservice1externalService.core.constants.Logging [http-nio-4444-exec-2] internalLogDetail methodu has called
2022-07-20 13:28:19,619 INFO com.Bit.microservice1externalService.business.concretes.CustomerManager [http-nio-4444-exec-2] [getAllCustomers method is called ]--[input parameter = pageNo-pageSize :1
2022-07-20 13:28:19,620 INFO com.Bit.microservice1externalService.core.constants.Logging [http-nio-4444-exec-2] internalLogDetail methodu has called
2022-07-20 13:36:48,635 INFO com.Bit.microservice1externalService.business.concretes.CustomerManager [http-nio-4444-exec-6] [getAllCustomers method is called ]--[input parameter = pageNo-pageSize :1
2022-07-20 13:36:48,636 INFO com.Bit.microservice1externalService.core.constants.Logging [http-nio-4444-exec-6] internalLogDetail methodu has called
2022-07-20 13:36:49,645 INFO com.Bit.microservice1externalService.controller.CustomerController [http-nio-4444-exec-6] [getAllCustomersByPage method is called ]--[input parameter = { pageNo-pageSize}150]--[output parameter = com.Bit.microservice1externalService.core.results.SuccessDataResult@696bbbb7[data=[CustomerListDto(id=1, customerName=Cem, companyName=32Bit), CustomerListDto(id=2, customerName=Cem, companyName=32Bit), CustomerListDto(id=3, customerName=Cem, companyName=Oracle), CustomerListDto(id=4, customerName=Cem, companyName=Oracle), CustomerListDto(id=5, customerName=Cem, companyName=Microsoft)],success=true,message=All customers have listed]]
2022-07-20 13:36:49,646 INFO com.Bit.microservice1externalService.core.constants.Logging [http-nio-4444-exec-6] internalLogDetail methodu has called
2022-07-20 13:36:50,664 INFO com.Bit.microservice1externalService.business.concretes.CustomerManager [http-nio-4444-exec-6] [getAllCustomers method is called ]--[input parameter = pageNo-pageSize :1
2022-07-20 13:36:50,664 INFO com.Bit.microservice1externalService.core.constants.Logging [http-nio-4444-exec-6] internalLogDetail methodu has called
2022-07-20 13:36:53,795 INFO com.Bit.microservice1externalService.business.concretes.CustomerManager [http-nio-4444-exec-9] [getAllCustomers method is called ]--[input parameter = pageNo-pageSize :1
2022-07-20 13:36:53,795 INFO com.Bit.microservice1externalService.core.constants.Logging [http-nio-4444-exec-9] internalLogDetail methodu has called
2022-07-20 13:36:54,801 INFO com.Bit.microservice1externalService.controller.CustomerController [http-nio-4444-exec-9] [getAllCustomersByPage method is called ]--[input parameter = { pageNo-pageSize}150]--[output parameter = com.Bit.microservice1externalService.core.results.SuccessDataResult@8cab52d[data=[CustomerListDto(id=1, customerName=Cem, companyName=32Bit), CustomerListDto(id=2, customerName=Cem, companyName=32Bit), CustomerListDto(id=3, customerName=Cem, companyName=Oracle), CustomerListDto(id=4, customerName=Cem, companyName=Oracle), CustomerListDto(id=5, customerName=Cem, companyName=Microsoft)],success=true,message=All customers have listed]]
2022-07-20 13:36:54,802 INFO com.Bit.microservice1externalService.core.constants.Logging [http-nio-4444-exec-9] internalLogDetail methodu has called
2022-07-20 13:36:55,820 INFO com.Bit.microservice1externalService.business.concretes.CustomerManager [http-nio-4444-exec-9] [getAllCustomers method is called ]--[input parameter = pageNo-pageSize :1
2022-07-20 13:36:55,821 INFO com.Bit.microservice1externalService.core.constants.Logging [http-nio-4444-exec-9] internalLogDetail methodu has called
2022-07-20 13:47:49,995 INFO com.Bit.microservice1externalService.controller.CustomerController [http-nio-4444-exec-7] [addCustomer method is called ]--[input parameter = CreateCustomerRequest(customerName=Cem, companyName=IBM)]--
2022-07-20 13:47:49,997 INFO com.Bit.microservice1externalService.core.constants.Logging [http-nio-4444-exec-7] internalLogDetail methodu has called
2022-07-20 13:47:51,095 INFO com.Bit.microservice1externalService.business.concretes.CustomerManager [http-nio-4444-exec-7] [addCustomer method is called ]--[input parameter = CreateCustomerRequest(customerName=Cem, companyName=IBM)]--[output parameter = com.Bit.microservice1externalService.core.results.SuccessDataResult@1f514927[data=Customer(id=6, customerName=Cem, companyName=IBM, createTime=2022-07-20T13:47:51.030206300),success=true,message=customer.added]]
2022-07-20 13:47:51,096 INFO com.Bit.microservice1externalService.core.constants.Logging [http-nio-4444-exec-7] internalLogDetail methodu has called
2022-07-20 13:49:31,019 INFO org.springframework.boot.StartupInfoLogger [restartedMain] Starting Microservice1ExternalServiceApplication using Java 15.0.2 on CEM with PID 12440 (C:\Users\cemko\OneDrive\Masaüstü\32Bit-Remake\microservice-1-externalService\target\classes started by cemko in C:\Users\cemko\OneDrive\Masaüstü\32Bit-Remake\microservice-1-externalService)
2022-07-20 13:49:31,019 DEBUG org.springframework.boot.StartupInfoLogger [restartedMain] Running with Spring Boot v2.4.5, Spring v5.3.6
2022-07-20 13:49:31,020 INFO org.springframework.boot.SpringApplication [restartedMain] No active profile set, falling back to default profiles: default
2022-07-20 13:49:33,288 INFO org.springframework.boot.StartupInfoLogger [restartedMain] Started Microservice1ExternalServiceApplication in 2.353 seconds (JVM running for 1698.692)
2022-07-20 14:05:10,976 INFO com.Bit.microservice1externalService.business.concretes.CustomerManager [http-nio-4444-exec-3] [findAllFilteredByCompanyName method is called ]--[input parameter = IBM]--[output parameter = com.Bit.microservice1externalService.core.results.SuccessDataResult@626c96f2[data=[CustomerListDto(id=6, customerName=Cem, companyName=IBM)],success=true,message=customer.found.by.companyName]]
2022-07-20 14:05:10,978 INFO com.Bit.microservice1externalService.core.constants.Logging [http-nio-4444-exec-3] internalLogDetail methodu has called
2022-07-20 14:05:11,982 INFO com.Bit.microservice1externalService.controller.CustomerController [http-nio-4444-exec-3] [findAllFilteredByCompanyName method is called ]--[input parameter = IBM]--[output parameter = com.Bit.microservice1externalService.core.results.SuccessDataResult@144bbeeb[data=[CustomerListDto(id=6, customerName=Cem, companyName=IBM)],success=true,message=customer.found.by.companyName]]
2022-07-20 14:05:11,984 INFO com.Bit.microservice1externalService.core.constants.Logging [http-nio-4444-exec-3] internalLogDetail methodu has called
2022-07-20 14:05:12,996 INFO com.Bit.microservice1externalService.business.concretes.CustomerManager [http-nio-4444-exec-3] [findAllFilteredByCompanyName method is called ]--[input parameter = IBM]--[output parameter = com.Bit.microservice1externalService.core.results.SuccessDataResult@601ce4f7[data=[CustomerListDto(id=6, customerName=Cem, companyName=IBM)],success=true,message=customer.found.by.companyName]]
2022-07-20 14:05:12,999 INFO com.Bit.microservice1externalService.core.constants.Logging [http-nio-4444-exec-3] internalLogDetail methodu has called
2022-07-20 14:05:16,156 INFO com.Bit.microservice1externalService.business.concretes.CustomerManager [http-nio-4444-exec-2] [findAllFilteredByCompanyName method is called ]--[input parameter = IBM]--[output parameter = com.Bit.microservice1externalService.core.results.SuccessDataResult@5778f0e7[data=[CustomerListDto(id=6, customerName=Cem, companyName=IBM)],success=true,message=customer.found.by.companyName]]
2022-07-20 14:05:16,156 INFO com.Bit.microservice1externalService.core.constants.Logging [http-nio-4444-exec-2] internalLogDetail methodu has called
2022-07-20 14:05:17,161 INFO com.Bit.microservice1externalService.controller.CustomerController [http-nio-4444-exec-2] [findAllFilteredByCompanyName method is called ]--[input parameter = IBM]--[output parameter = com.Bit.microservice1externalService.core.results.SuccessDataResult@53d8ffeb[data=[CustomerListDto(id=6, customerName=Cem, companyName=IBM)],success=true,message=customer.found.by.companyName]]
2022-07-20 14:05:17,163 INFO com.Bit.microservice1externalService.core.constants.Logging [http-nio-4444-exec-2] internalLogDetail methodu has called
2022-07-20 14:05:18,173 INFO com.Bit.microservice1externalService.business.concretes.CustomerManager [http-nio-4444-exec-2] [findAllFilteredByCompanyName method is called ]--[input parameter = IBM]--[output parameter = com.Bit.microservice1externalService.core.results.SuccessDataResult@3bfd6279[data=[CustomerListDto(id=6, customerName=Cem, companyName=IBM)],success=true,message=customer.found.by.companyName]]
2022-07-20 14:05:18,173 INFO com.Bit.microservice1externalService.core.constants.Logging [http-nio-4444-exec-2] internalLogDetail methodu has called
2022-07-20 14:05:35,968 INFO com.Bit.microservice1externalService.business.concretes.CustomerManager [http-nio-4444-exec-1] [findAllFilteredByCompanyName method is called ]--[input parameter = Oracle]--[output parameter = com.Bit.microservice1externalService.core.results.SuccessDataResult@457221bd[data=[CustomerListDto(id=3, customerName=Cem, companyName=Oracle), CustomerListDto(id=4, customerName=Cem, companyName=Oracle)],success=true,message=customer.found.by.companyName]]
2022-07-20 14:05:35,969 INFO com.Bit.microservice1externalService.core.constants.Logging [http-nio-4444-exec-1] internalLogDetail methodu has called
2022-07-20 14:05:36,980 INFO com.Bit.microservice1externalService.controller.CustomerController [http-nio-4444-exec-1] [findAllFilteredByCompanyName method is called ]--[input parameter = Oracle]--[output parameter = com.Bit.microservice1externalService.core.results.SuccessDataResult@19b65e80[data=[CustomerListDto(id=3, customerName=Cem, companyName=Oracle), CustomerListDto(id=4, customerName=Cem, companyName=Oracle)],success=true,message=customer.found.by.companyName]]
2022-07-20 14:05:36,984 INFO com.Bit.microservice1externalService.core.constants.Logging [http-nio-4444-exec-1] internalLogDetail methodu has called
2022-07-20 14:05:37,994 INFO com.Bit.microservice1externalService.business.concretes.CustomerManager [http-nio-4444-exec-1] [findAllFilteredByCompanyName method is called ]--[input parameter = Oracle]--[output parameter = com.Bit.microservice1externalService.core.results.SuccessDataResult@4fa4ed4e[data=[CustomerListDto(id=3, customerName=Cem, companyName=Oracle), CustomerListDto(id=4, customerName=Cem, companyName=Oracle)],success=true,message=customer.found.by.companyName]]
2022-07-20 14:05:37,994 INFO com.Bit.microservice1externalService.core.constants.Logging [http-nio-4444-exec-1] internalLogDetail methodu has called
2022-07-20 14:05:41,150 INFO com.Bit.microservice1externalService.business.concretes.CustomerManager [http-nio-4444-exec-5] [findAllFilteredByCompanyName method is called ]--[input parameter = Oracle]--[output parameter = com.Bit.microservice1externalService.core.results.SuccessDataResult@7a1a8991[data=[CustomerListDto(id=3, customerName=Cem, companyName=Oracle), CustomerListDto(id=4, customerName=Cem, companyName=Oracle)],success=true,message=customer.found.by.companyName]]
2022-07-20 14:05:41,150 INFO com.Bit.microservice1externalService.core.constants.Logging [http-nio-4444-exec-5] internalLogDetail methodu has called
2022-07-20 14:05:42,159 INFO com.Bit.microservice1externalService.controller.CustomerController [http-nio-4444-exec-5] [findAllFilteredByCompanyName method is called ]--[input parameter = Oracle]--[output parameter = com.Bit.microservice1externalService.core.results.SuccessDataResult@241ffd97[data=[CustomerListDto(id=3, customerName=Cem, companyName=Oracle), CustomerListDto(id=4, customerName=Cem, companyName=Oracle)],success=true,message=customer.found.by.companyName]]
2022-07-20 14:05:42,160 INFO com.Bit.microservice1externalService.core.constants.Logging [http-nio-4444-exec-5] internalLogDetail methodu has called
2022-07-20 14:05:43,170 INFO com.Bit.microservice1externalService.business.concretes.CustomerManager [http-nio-4444-exec-5] [findAllFilteredByCompanyName method is called ]--[input parameter = Oracle]--[output parameter = com.Bit.microservice1externalService.core.results.SuccessDataResult@4e1988c4[data=[CustomerListDto(id=3, customerName=Cem, companyName=Oracle), CustomerListDto(id=4, customerName=Cem, companyName=Oracle)],success=true,message=customer.found.by.companyName]]
2022-07-20 14:05:43,171 INFO com.Bit.microservice1externalService.core.constants.Logging [http-nio-4444-exec-5] internalLogDetail methodu has called
2022-07-20 14:25:17,991 INFO com.Bit.microservice1externalService.business.concretes.CustomerManager [http-nio-4444-exec-9] [getByCustomerId method is called ]--[input parameter = id :2]--[output parameter = com.Bit.microservice1externalService.core.results.SuccessDataResult@4e122fa9[data=Optional[Customer(id=2, customerName=Cem, companyName=32Bit, createTime=2022-07-17T00:55:50.927043)],success=true,message=customer.found.by.id]]
2022-07-20 14:25:17,991 INFO com.Bit.microservice1externalService.core.constants.Logging [http-nio-4444-exec-9] internalLogDetail methodu has called
2022-07-20 14:25:18,999 DEBUG com.Bit.microservice1externalService.controller.CustomerController [http-nio-4444-exec-9] [getByCustomerId method is called ]--[input parameter = 2]--[output parameter = com.Bit.microservice1externalService.core.results.SuccessDataResult@7ad0df9f[data=Optional[Customer(id=2, customerName=Cem, companyName=32Bit, createTime=2022-07-17T00:55:50.927043)],success=true,message=customer.found.by.id]]
2022-07-20 14:25:19,002 INFO com.Bit.microservice1externalService.core.constants.Logging [http-nio-4444-exec-9] internalLogDetail methodu has called
2022-07-20 14:25:20,009 INFO com.Bit.microservice1externalService.business.concretes.CustomerManager [http-nio-4444-exec-9] [getByCustomerId method is called ]--[input parameter = id :2]--[output parameter = com.Bit.microservice1externalService.core.results.SuccessDataResult@3255c45[data=Optional[Customer(id=2, customerName=Cem, companyName=32Bit, createTime=2022-07-17T00:55:50.927043)],success=true,message=customer.found.by.id]]
2022-07-20 14:25:20,009 INFO com.Bit.microservice1externalService.core.constants.Logging [http-nio-4444-exec-9] internalLogDetail methodu has called
2022-07-20 14:25:23,188 INFO com.Bit.microservice1externalService.business.concretes.CustomerManager [http-nio-4444-exec-10] [getByCustomerId method is called ]--[input parameter = id :2]--[output parameter = com.Bit.microservice1externalService.core.results.SuccessDataResult@18164ec[data=Optional[Customer(id=2, customerName=Cem, companyName=32Bit, createTime=2022-07-17T00:55:50.927043)],success=true,message=customer.found.by.id]]
2022-07-20 14:25:23,189 INFO com.Bit.microservice1externalService.core.constants.Logging [http-nio-4444-exec-10] internalLogDetail methodu has called
2022-07-20 14:25:24,199 DEBUG com.Bit.microservice1externalService.controller.CustomerController [http-nio-4444-exec-10] [getByCustomerId method is called ]--[input parameter = 2]--[output parameter = com.Bit.microservice1externalService.core.results.SuccessDataResult@3ec34107[data=Optional[Customer(id=2, customerName=Cem, companyName=32Bit, createTime=2022-07-17T00:55:50.927043)],success=true,message=customer.found.by.id]]
2022-07-20 14:25:24,200 INFO com.Bit.microservice1externalService.core.constants.Logging [http-nio-4444-exec-10] internalLogDetail methodu has called
2022-07-20 14:25:25,211 INFO com.Bit.microservice1externalService.business.concretes.CustomerManager [http-nio-4444-exec-10] [getByCustomerId method is called ]--[input parameter = id :2]--[output parameter = com.Bit.microservice1externalService.core.results.SuccessDataResult@1289e01[data=Optional[Customer(id=2, customerName=Cem, companyName=32Bit, createTime=2022-07-17T00:55:50.927043)],success=true,message=customer.found.by.id]]
2022-07-20 14:25:25,212 INFO com.Bit.microservice1externalService.core.constants.Logging [http-nio-4444-exec-10] internalLogDetail methodu has called
2022-07-20 14:26:09,340 INFO com.Bit.microservice1externalService.business.concretes.CustomerManager [http-nio-4444-exec-4] [getAllCustomers method is called ]--[input parameter = pageNo-pageSize :1
2022-07-20 14:26:09,341 INFO com.Bit.microservice1externalService.core.constants.Logging [http-nio-4444-exec-4] internalLogDetail methodu has called
2022-07-20 14:26:10,348 INFO com.Bit.microservice1externalService.controller.CustomerController [http-nio-4444-exec-4] [getAllCustomersByPage method is called ]--[input parameter = { pageNo-pageSize}115]--[output parameter = com.Bit.microservice1externalService.core.results.SuccessDataResult@651ed160[data=[CustomerListDto(id=1, customerName=Cem, companyName=32Bit), CustomerListDto(id=2, customerName=Cem, companyName=32Bit), CustomerListDto(id=3, customerName=Cem, companyName=Oracle), CustomerListDto(id=4, customerName=Cem, companyName=Oracle), CustomerListDto(id=5, customerName=Cem, companyName=Microsoft), CustomerListDto(id=6, customerName=Cem, companyName=IBM)],success=true,message=All customers have listed]]
2022-07-20 14:26:10,349 INFO com.Bit.microservice1externalService.core.constants.Logging [http-nio-4444-exec-4] internalLogDetail methodu has called
2022-07-20 14:26:11,357 INFO com.Bit.microservice1externalService.business.concretes.CustomerManager [http-nio-4444-exec-4] [getAllCustomers method is called ]--[input parameter = pageNo-pageSize :1
2022-07-20 14:26:11,358 INFO com.Bit.microservice1externalService.core.constants.Logging [http-nio-4444-exec-4] internalLogDetail methodu has called
2022-07-20 14:26:14,496 INFO com.Bit.microservice1externalService.business.concretes.CustomerManager [http-nio-4444-exec-7] [getAllCustomers method is called ]--[input parameter = pageNo-pageSize :1
2022-07-20 14:26:14,497 INFO com.Bit.microservice1externalService.core.constants.Logging [http-nio-4444-exec-7] internalLogDetail methodu has called
2022-07-20 14:26:15,503 INFO com.Bit.microservice1externalService.controller.CustomerController [http-nio-4444-exec-7] [getAllCustomersByPage method is called ]--[input parameter = { pageNo-pageSize}115]--[output parameter = com.Bit.microservice1externalService.core.results.SuccessDataResult@fca58af[data=[CustomerListDto(id=1, customerName=Cem, companyName=32Bit), CustomerListDto(id=2, customerName=Cem, companyName=32Bit), CustomerListDto(id=3, customerName=Cem, companyName=Oracle), CustomerListDto(id=4, customerName=Cem, companyName=Oracle), CustomerListDto(id=5, customerName=Cem, companyName=Microsoft), CustomerListDto(id=6, customerName=Cem, companyName=IBM)],success=true,message=All customers have listed]]
2022-07-20 14:26:15,505 INFO com.Bit.microservice1externalService.core.constants.Logging [http-nio-4444-exec-7] internalLogDetail methodu has called
2022-07-20 14:26:16,526 INFO com.Bit.microservice1externalService.business.concretes.CustomerManager [http-nio-4444-exec-7] [getAllCustomers method is called ]--[input parameter = pageNo-pageSize :1
2022-07-20 14:26:16,527 INFO com.Bit.microservice1externalService.core.constants.Logging [http-nio-4444-exec-7] internalLogDetail methodu has called
2022-07-20 14:27:54,728 INFO com.Bit.microservice1externalService.business.concretes.CustomerManager [http-nio-4444-exec-3] [getByCustomerId method is called ]--[input parameter = id :7]--[output parameter = com.Bit.microservice1externalService.core.results.ErrorDataResult@26d778ac[data=<null>,success=false,message=customer.not.found]]
2022-07-20 14:27:54,729 INFO com.Bit.microservice1externalService.core.constants.Logging [http-nio-4444-exec-3] internalLogDetail methodu has called
2022-07-20 14:27:55,734 DEBUG com.Bit.microservice1externalService.controller.CustomerController [http-nio-4444-exec-3] [getByCustomerId method is called ]--[input parameter = 7]--[output parameter = com.Bit.microservice1externalService.core.results.ErrorDataResult@6b113a57[data=<null>,success=false,message=customer.not.found]]
2022-07-20 14:27:55,738 INFO com.Bit.microservice1externalService.core.constants.Logging [http-nio-4444-exec-3] internalLogDetail methodu has called
2022-07-20 14:27:56,752 INFO com.Bit.microservice1externalService.business.concretes.CustomerManager [http-nio-4444-exec-3] [getByCustomerId method is called ]--[input parameter = id :7]--[output parameter = com.Bit.microservice1externalService.core.results.ErrorDataResult@2840791c[data=<null>,success=false,message=customer.not.found]]
2022-07-20 14:27:56,755 INFO com.Bit.microservice1externalService.core.constants.Logging [http-nio-4444-exec-3] internalLogDetail methodu has called
2022-07-20 14:27:59,889 INFO com.Bit.microservice1externalService.business.concretes.CustomerManager [http-nio-4444-exec-2] [getByCustomerId method is called ]--[input parameter = id :7]--[output parameter = com.Bit.microservice1externalService.core.results.ErrorDataResult@4911eb04[data=<null>,success=false,message=customer.not.found]]
2022-07-20 14:27:59,890 INFO com.Bit.microservice1externalService.core.constants.Logging [http-nio-4444-exec-2] internalLogDetail methodu has called
2022-07-20 14:28:00,899 DEBUG com.Bit.microservice1externalService.controller.CustomerController [http-nio-4444-exec-2] [getByCustomerId method is called ]--[input parameter = 7]--[output parameter = com.Bit.microservice1externalService.core.results.ErrorDataResult@45783dbc[data=<null>,success=false,message=customer.not.found]]
2022-07-20 14:28:00,900 INFO com.Bit.microservice1externalService.core.constants.Logging [http-nio-4444-exec-2] internalLogDetail methodu has called
2022-07-20 14:28:01,910 INFO com.Bit.microservice1externalService.business.concretes.CustomerManager [http-nio-4444-exec-2] [getByCustomerId method is called ]--[input parameter = id :7]--[output parameter = com.Bit.microservice1externalService.core.results.ErrorDataResult@783f93a8[data=<null>,success=false,message=customer.not.found]]
2022-07-20 14:28:01,910 INFO com.Bit.microservice1externalService.core.constants.Logging [http-nio-4444-exec-2] internalLogDetail methodu has called
2022-07-20 14:36:55,735 DEBUG com.Bit.microservice1externalService.controller.CustomerController [http-nio-4444-exec-5] [deleteByCustomerId method is called ]--[input parameter = 7]--[output parameter = ]
2022-07-20 14:36:55,736 INFO com.Bit.microservice1externalService.core.constants.Logging [http-nio-4444-exec-5] internalLogDetail methodu has called
2022-07-20 14:36:56,749 INFO com.Bit.microservice1externalService.business.concretes.CustomerManager [http-nio-4444-exec-5] [deleteCustomer method is called ]--[input parameter = id :7]--[output parameter = com.Bit.microservice1externalService.core.results.ErrorResult@77157d29[success=false,message=customer.not.found]]
2022-07-20 14:36:56,749 INFO com.Bit.microservice1externalService.core.constants.Logging [http-nio-4444-exec-5] internalLogDetail methodu has called
2022-07-20 14:45:20,228 DEBUG com.Bit.microservice1externalService.controller.CustomerController [http-nio-4444-exec-9] [deleteByCustomerId method is called ]--[input parameter = 7]--[output parameter = ]
2022-07-20 14:45:20,229 INFO com.Bit.microservice1externalService.core.constants.Logging [http-nio-4444-exec-9] internalLogDetail methodu has called
2022-07-20 14:45:21,244 INFO com.Bit.microservice1externalService.business.concretes.CustomerManager [http-nio-4444-exec-9] [deleteCustomer method is called ]--[input parameter = id :7]--[output parameter = com.Bit.microservice1externalService.core.results.ErrorResult@3c8197d7[success=false,message=customer.not.found]]
2022-07-20 14:45:21,245 INFO com.Bit.microservice1externalService.core.constants.Logging [http-nio-4444-exec-9] internalLogDetail methodu has called
